<?xml version="1.0" encoding="UTF-8" ?>
<testsuite tests="10" failures="0" name="com.increff.pos.api.BrandApiTest" time="0.018" errors="0" skipped="0">
  <properties>
[...]
</properties>
  <testcase classname="com.increff.pos.api.BrandApiTest" name="testGetBrand" time="0.003"/>
  <testcase classname="com.increff.pos.api.BrandApiTest" name="testSelectByBrand" time="0.009"/>
  <testcase classname="com.increff.pos.api.BrandApiTest" name="testUpdateBrand" time="0.001"/>
  <testcase classname="com.increff.pos.api.BrandApiTest" name="testGetAllBrand" time="0"/>
  <testcase classname="com.increff.pos.api.BrandApiTest" name="testAddBrand" time="0.001"/>
  <testcase classname="com.increff.pos.api.BrandApiTest" name="testSelectByBrandCategory" time="0.002"/>
  <testcase classname="com.increff.pos.api.BrandApiTest" name="testCheckUnique" time="0"/>
  <testcase classname="com.increff.pos.api.BrandApiTest" name="testGetCheckBrand" time="0"/>
  <testcase classname="com.increff.pos.api.BrandApiTest" name="testSelectById" time="0"/>
  <testcase classname="com.increff.pos.api.BrandApiTest" name="testSelectByCategory" time="0.002"/>
</testsuite>